<?xml version="1.0" encoding="UTF-8"?>
<!-- Generated by org.testng.reporters.JUnitXMLReporter -->
<testsuite ignored="22" hostname="LAPTOP-1G2A8GFB" failures="2" tests="8" name="Grouping Test HRMS" time="121.635" errors="0" timestamp="2022-05-06T09:07:23 IST">
  <testcase classname="testCases.ALoginTestCase" name="verifyLoginButtonTextTC01" time="0.057"/>
  <testcase classname="testCases.BHomePageTestCase" name="verifyEmployeesCssValuesTC06" time="9.291"/>
  <testcase classname="testCases.BHomePageTestCase" name="verifyHRMSSettingAttributeValueTC09" time="9.778"/>
  <testcase classname="testCases.CHRCalendarPageTestCase" name="verifyHRHolidaysTagNameTC14" time="11.602"/>
  <testcase classname="testCases.DRolePermissionTestCase" name="verifySearchBarTC17" time="15.861"/>
  <testcase classname="testCases.ECoreHRAwardPageTestCase" name="verifyAddAwardTC20" time="9.678">
    <failure type="org.openqa.selenium.StaleElementReferenceException" message="stale element reference: element is not attached to the page document
  (Session info: chrome=100.0.4896.127)
For documentation on this error, please visit: https://selenium.dev/exceptions/#stale_element_reference
Build info: version: &amp;apos;4.1.3&amp;apos;, revision: &amp;apos;7b1ebf28ef&amp;apos;
System info: host: &amp;apos;LAPTOP-1G2A8GFB&amp;apos;, ip: &amp;apos;192.168.1.6&amp;apos;, os.name: &amp;apos;Windows 10&amp;apos;, os.arch: &amp;apos;amd64&amp;apos;, os.version: &amp;apos;10.0&amp;apos;, java.version: &amp;apos;17.0.2&amp;apos;
Driver info: org.openqa.selenium.chrome.ChromeDriver
Command: [1682df075c0333a0b9e172b470e51ed1, findChildElements {id=13b5c941-e985-49bb-bb64-b32eae319e8a, using=xpath, value=.//option[normalize-space(.) = &amp;quot;John Smith&amp;quot;]}]
Capabilities {acceptInsecureCerts: false, browserName: chrome, browserVersion: 100.0.4896.127, chrome: {chromedriverVersion: 100.0.4896.60 (6a5d10861ce8..., userDataDir: C:\Users\rahul\AppData\Loca...}, goog:chromeOptions: {debuggerAddress: localhost:52681}, javascriptEnabled: true, networkConnectionEnabled: false, pageLoadStrategy: normal, platform: WINDOWS, platformName: WINDOWS, proxy: Proxy(), se:cdp: ws://localhost:52681/devtoo..., se:cdpVersion: 100.0.4896.127, setWindowRect: true, strictFileInteractability: false, timeouts: {implicit: 0, pageLoad: 300000, script: 30000}, unhandledPromptBehavior: dismiss and notify, webauthn:extension:credBlob: true, webauthn:extension:largeBlob: true, webauthn:virtualAuthenticators: true}
Session ID: 1682df075c0333a0b9e172b470e51ed1">
      <![CDATA[org.openqa.selenium.StaleElementReferenceException: stale element reference: element is not attached to the page document
  (Session info: chrome=100.0.4896.127)
For documentation on this error, please visit: https://selenium.dev/exceptions/#stale_element_reference
Build info: version: '4.1.3', revision: '7b1ebf28ef'
System info: host: 'LAPTOP-1G2A8GFB', ip: '192.168.1.6', os.name: 'Windows 10', os.arch: 'amd64', os.version: '10.0', java.version: '17.0.2'
Driver info: org.openqa.selenium.chrome.ChromeDriver
Command: [1682df075c0333a0b9e172b470e51ed1, findChildElements {id=13b5c941-e985-49bb-bb64-b32eae319e8a, using=xpath, value=.//option[normalize-space(.) = "John Smith"]}]
Capabilities {acceptInsecureCerts: false, browserName: chrome, browserVersion: 100.0.4896.127, chrome: {chromedriverVersion: 100.0.4896.60 (6a5d10861ce8..., userDataDir: C:\Users\rahul\AppData\Loca...}, goog:chromeOptions: {debuggerAddress: localhost:52681}, javascriptEnabled: true, networkConnectionEnabled: false, pageLoadStrategy: normal, platform: WINDOWS, platformName: WINDOWS, proxy: Proxy(), se:cdp: ws://localhost:52681/devtoo..., se:cdpVersion: 100.0.4896.127, setWindowRect: true, strictFileInteractability: false, timeouts: {implicit: 0, pageLoad: 300000, script: 30000}, unhandledPromptBehavior: dismiss and notify, webauthn:extension:credBlob: true, webauthn:extension:largeBlob: true, webauthn:virtualAuthenticators: true}
Session ID: 1682df075c0333a0b9e172b470e51ed1
at org.openqa.selenium.remote.codec.w3c.W3CHttpResponseCodec.createException(W3CHttpResponseCodec.java:200)
at org.openqa.selenium.remote.codec.w3c.W3CHttpResponseCodec.decode(W3CHttpResponseCodec.java:133)
at org.openqa.selenium.remote.codec.w3c.W3CHttpResponseCodec.decode(W3CHttpResponseCodec.java:53)
at org.openqa.selenium.remote.HttpCommandExecutor.execute(HttpCommandExecutor.java:184)
at org.openqa.selenium.remote.service.DriverCommandExecutor.invokeExecute(DriverCommandExecutor.java:167)
at org.openqa.selenium.remote.service.DriverCommandExecutor.execute(DriverCommandExecutor.java:142)
at org.openqa.selenium.remote.RemoteWebDriver.execute(RemoteWebDriver.java:567)
at org.openqa.selenium.remote.ElementLocation$ElementFinder$2.findElements(ElementLocation.java:179)
at org.openqa.selenium.remote.ElementLocation.findElements(ElementLocation.java:102)
at org.openqa.selenium.remote.RemoteWebDriver.findElements(RemoteWebDriver.java:400)
at org.openqa.selenium.remote.RemoteWebElement.findElements(RemoteWebElement.java:213)
at org.openqa.selenium.support.pagefactory.internal.LocatingElementHandler.invoke(LocatingElementHandler.java:52)
at jdk.proxy2/jdk.proxy2.$Proxy17.findElements(Unknown Source)
at org.openqa.selenium.support.ui.Select.selectByVisibleText(Select.java:114)
at utilitiesClass.GeneralUtilities.dropDownFunction(GeneralUtilities.java:56)
at elementRepository.CoreHRAwardPageRepo.selectEmployeeAward(CoreHRAwardPageRepo.java:76)
at testCases.ECoreHRAwardPageTestCase.verifyAddAwardTC20(ECoreHRAwardPageTestCase.java:37)
at java.base/java.util.ArrayList.forEach(ArrayList.java:1511)
... Removed 36 stack frames]]>
    </failure>
  </testcase> <!-- verifyAddAwardTC20 -->
  <testcase classname="testCases.GEmployeePageTest" name="verifyAddEmployeeTC24" time="11.014">
    <failure type="org.openqa.selenium.StaleElementReferenceException" message="stale element reference: element is not attached to the page document
  (Session info: chrome=100.0.4896.127)
For documentation on this error, please visit: https://selenium.dev/exceptions/#stale_element_reference
Build info: version: &amp;apos;4.1.3&amp;apos;, revision: &amp;apos;7b1ebf28ef&amp;apos;
System info: host: &amp;apos;LAPTOP-1G2A8GFB&amp;apos;, ip: &amp;apos;192.168.1.6&amp;apos;, os.name: &amp;apos;Windows 10&amp;apos;, os.arch: &amp;apos;amd64&amp;apos;, os.version: &amp;apos;10.0&amp;apos;, java.version: &amp;apos;17.0.2&amp;apos;
Driver info: org.openqa.selenium.chrome.ChromeDriver
Command: [1c2796fd3efd4dc1257e7d4a9c861b75, findChildElements {id=241ce121-bc67-4dc3-8d1b-59466901d431, using=xpath, value=.//option[normalize-space(.) = &amp;quot;MD Office&amp;quot;]}]
Capabilities {acceptInsecureCerts: false, browserName: chrome, browserVersion: 100.0.4896.127, chrome: {chromedriverVersion: 100.0.4896.60 (6a5d10861ce8..., userDataDir: C:\Users\rahul\AppData\Loca...}, goog:chromeOptions: {debuggerAddress: localhost:52724}, javascriptEnabled: true, networkConnectionEnabled: false, pageLoadStrategy: normal, platform: WINDOWS, platformName: WINDOWS, proxy: Proxy(), se:cdp: ws://localhost:52724/devtoo..., se:cdpVersion: 100.0.4896.127, setWindowRect: true, strictFileInteractability: false, timeouts: {implicit: 0, pageLoad: 300000, script: 30000}, unhandledPromptBehavior: dismiss and notify, webauthn:extension:credBlob: true, webauthn:extension:largeBlob: true, webauthn:virtualAuthenticators: true}
Session ID: 1c2796fd3efd4dc1257e7d4a9c861b75">
      <![CDATA[org.openqa.selenium.StaleElementReferenceException: stale element reference: element is not attached to the page document
  (Session info: chrome=100.0.4896.127)
For documentation on this error, please visit: https://selenium.dev/exceptions/#stale_element_reference
Build info: version: '4.1.3', revision: '7b1ebf28ef'
System info: host: 'LAPTOP-1G2A8GFB', ip: '192.168.1.6', os.name: 'Windows 10', os.arch: 'amd64', os.version: '10.0', java.version: '17.0.2'
Driver info: org.openqa.selenium.chrome.ChromeDriver
Command: [1c2796fd3efd4dc1257e7d4a9c861b75, findChildElements {id=241ce121-bc67-4dc3-8d1b-59466901d431, using=xpath, value=.//option[normalize-space(.) = "MD Office"]}]
Capabilities {acceptInsecureCerts: false, browserName: chrome, browserVersion: 100.0.4896.127, chrome: {chromedriverVersion: 100.0.4896.60 (6a5d10861ce8..., userDataDir: C:\Users\rahul\AppData\Loca...}, goog:chromeOptions: {debuggerAddress: localhost:52724}, javascriptEnabled: true, networkConnectionEnabled: false, pageLoadStrategy: normal, platform: WINDOWS, platformName: WINDOWS, proxy: Proxy(), se:cdp: ws://localhost:52724/devtoo..., se:cdpVersion: 100.0.4896.127, setWindowRect: true, strictFileInteractability: false, timeouts: {implicit: 0, pageLoad: 300000, script: 30000}, unhandledPromptBehavior: dismiss and notify, webauthn:extension:credBlob: true, webauthn:extension:largeBlob: true, webauthn:virtualAuthenticators: true}
Session ID: 1c2796fd3efd4dc1257e7d4a9c861b75
at org.openqa.selenium.remote.codec.w3c.W3CHttpResponseCodec.createException(W3CHttpResponseCodec.java:200)
at org.openqa.selenium.remote.codec.w3c.W3CHttpResponseCodec.decode(W3CHttpResponseCodec.java:133)
at org.openqa.selenium.remote.codec.w3c.W3CHttpResponseCodec.decode(W3CHttpResponseCodec.java:53)
at org.openqa.selenium.remote.HttpCommandExecutor.execute(HttpCommandExecutor.java:184)
at org.openqa.selenium.remote.service.DriverCommandExecutor.invokeExecute(DriverCommandExecutor.java:167)
at org.openqa.selenium.remote.service.DriverCommandExecutor.execute(DriverCommandExecutor.java:142)
at org.openqa.selenium.remote.RemoteWebDriver.execute(RemoteWebDriver.java:567)
at org.openqa.selenium.remote.ElementLocation$ElementFinder$2.findElements(ElementLocation.java:179)
at org.openqa.selenium.remote.ElementLocation.findElements(ElementLocation.java:102)
at org.openqa.selenium.remote.RemoteWebDriver.findElements(RemoteWebDriver.java:400)
at org.openqa.selenium.remote.RemoteWebElement.findElements(RemoteWebElement.java:213)
at org.openqa.selenium.support.pagefactory.internal.LocatingElementHandler.invoke(LocatingElementHandler.java:52)
at jdk.proxy2/jdk.proxy2.$Proxy17.findElements(Unknown Source)
at org.openqa.selenium.support.ui.Select.selectByVisibleText(Select.java:114)
at utilitiesClass.GeneralUtilities.dropDownFunction(GeneralUtilities.java:56)
at elementRepository.AddNewEmployeeRepo.selectDepartment(AddNewEmployeeRepo.java:99)
at testCases.GEmployeePageTest.verifyAddEmployeeTC24(GEmployeePageTest.java:47)
at java.base/java.util.ArrayList.forEach(ArrayList.java:1511)
... Removed 36 stack frames]]>
    </failure>
  </testcase> <!-- verifyAddEmployeeTC24 -->
  <testcase classname="testCases.HEmailTemplateTestCase" name="verifyEmailTemplateEditFunctionTC29" time="10.746"/>
  <testcase classname="testCases.ALoginTestCase" name="verifyForgotPasswordTC04" time="0.0">
    <ignored/>
  </testcase> <!-- verifyForgotPasswordTC04 -->
  <testcase classname="testCases.ALoginTestCase" name="verifyValidUserTC02" time="0.0">
    <ignored/>
  </testcase> <!-- verifyValidUserTC02 -->
  <testcase classname="testCases.HEmailTemplateTestCase" name="verifyEmailTempatePageNextButtonTC27" time="0.0">
    <ignored/>
  </testcase> <!-- verifyEmailTempatePageNextButtonTC27 -->
  <testcase classname="testCases.DRolePermissionTestCase" name="verifyDeleteRoleTC18" time="0.0">
    <ignored/>
  </testcase> <!-- verifyDeleteRoleTC18 -->
  <testcase classname="testCases.BHomePageTestCase" name="verifyRolesPermissionAttributeValuesTC07" time="0.0">
    <ignored/>
  </testcase> <!-- verifyRolesPermissionAttributeValuesTC07 -->
  <testcase classname="testCases.BHomePageTestCase" name="verifyHomePageTitleTC10" time="0.0">
    <ignored/>
  </testcase> <!-- verifyHomePageTitleTC10 -->
  <testcase classname="testCases.ALoginTestCase" name="verifyInValidUserTC03" time="0.0">
    <ignored/>
  </testcase> <!-- verifyInValidUserTC03 -->
  <testcase classname="testCases.BHomePageTestCase" name="verifyLoggedUserNameTC05" time="0.0">
    <ignored/>
  </testcase> <!-- verifyLoggedUserNameTC05 -->
  <testcase classname="testCases.DRolePermissionTestCase" name="verifyAddNewRoleTC15" time="0.0">
    <ignored/>
  </testcase> <!-- verifyAddNewRoleTC15 -->
  <testcase classname="testCases.ECoreHRAwardPageTestCase" name="verifyAddAwardWithOutFieldTC21" time="0.0">
    <ignored/>
  </testcase> <!-- verifyAddAwardWithOutFieldTC21 -->
  <testcase classname="testCases.CHRCalendarPageTestCase" name="verifyHRCalendarHolidaysTC13" time="0.0">
    <ignored/>
  </testcase> <!-- verifyHRCalendarHolidaysTC13 -->
  <testcase classname="testCases.BHomePageTestCase" name="verifyCoreHrFootBallIconTC11" time="0.0">
    <ignored/>
  </testcase> <!-- verifyCoreHrFootBallIconTC11 -->
  <testcase classname="testCases.BHomePageTestCase" name="verifyLeaveManagementTagNameTC08" time="0.0">
    <ignored/>
  </testcase> <!-- verifyLeaveManagementTagNameTC08 -->
  <testcase classname="testCases.FPayslipPageTestCase" name="vrifySearchPayslipTC22" time="0.0">
    <ignored/>
  </testcase> <!-- vrifySearchPayslipTC22 -->
  <testcase classname="testCases.FPayslipPageTestCase" name="verifyDownloadButtonTC23" time="0.0">
    <ignored/>
  </testcase> <!-- verifyDownloadButtonTC23 -->
  <testcase classname="testCases.GEmployeePageTest" name="verifyEmployeeReportTC26" time="0.0">
    <ignored/>
  </testcase> <!-- verifyEmployeeReportTC26 -->
  <testcase classname="testCases.IThemeSettingPageTestCase" name="verifyThemeSettingPageLayoutTC30" time="0.0">
    <ignored/>
  </testcase> <!-- verifyThemeSettingPageLayoutTC30 -->
  <testcase classname="testCases.GEmployeePageTest" name="verifyFilterEmployeeTC25" time="0.0">
    <ignored/>
  </testcase> <!-- verifyFilterEmployeeTC25 -->
  <testcase classname="testCases.HEmailTemplateTestCase" name="verifyEmailTempateSortingFunctionTC28" time="0.0">
    <ignored/>
  </testcase> <!-- verifyEmailTempateSortingFunctionTC28 -->
  <testcase classname="testCases.BHomePageTestCase" name="verifySignOutButtonTC12" time="0.0">
    <ignored/>
  </testcase> <!-- verifySignOutButtonTC12 -->
  <testcase classname="testCases.DRolePermissionTestCase" name="verifyEditIconTC19" time="0.0">
    <ignored/>
  </testcase> <!-- verifyEditIconTC19 -->
  <testcase classname="testCases.DRolePermissionTestCase" name="verifyAddNewRoleWithOutFieldsTC16" time="0.0">
    <ignored/>
  </testcase> <!-- verifyAddNewRoleWithOutFieldsTC16 -->
</testsuite> <!-- Grouping Test HRMS -->
